-------------------------------------------------------------------------------
Test set: com.parkit.parkingsystem.FareCalculatorServiceTest
-------------------------------------------------------------------------------
Tests run: 8, Failures: 1, Errors: 0, Skipped: 0, Time elapsed: 0.059 s <<< FAILURE! - in com.parkit.parkingsystem.FareCalculatorServiceTest
calculateFareWithLessThanThirtyMinutesParkingTime  Time elapsed: 0.018 s  <<< FAILURE!
org.opentest4j.AssertionFailedError: expected: <0.0> but was: <0.4166666666666667>
	at com.parkit.parkingsystem.FareCalculatorServiceTest.calculateFareWithLessThanThirtyMinutesParkingTime(FareCalculatorServiceTest.java:136)

